c:\users\mike\documents\github\compiler-project\down\down\debug\down.pch
c:\users\mike\documents\github\compiler-project\down\down\debug\vc120.pdb
c:\users\mike\documents\github\compiler-project\down\down\debug\vc120.idb
c:\users\mike\documents\github\compiler-project\down\down\debug\stdafx.obj
c:\users\mike\documents\github\compiler-project\down\down\debug\down.obj
c:\users\mike\documents\github\compiler-project\down\down\debug\filestreamer.obj
c:\users\mike\documents\github\compiler-project\down\down\debug\token.obj
c:\users\mike\documents\github\compiler-project\down\down\debug\tokenizer.obj
c:\users\mike\documents\github\compiler-project\down\debug\down.ilk
c:\users\mike\documents\github\compiler-project\down\debug\down.exe
c:\users\mike\documents\github\compiler-project\down\debug\down.pdb
c:\users\mike\documents\github\compiler-project\down\down\debug\down.res
c:\users\mike\documents\github\compiler-project\down\down\debug\down.tlog\cl.command.1.tlog
c:\users\mike\documents\github\compiler-project\down\down\debug\down.tlog\cl.read.1.tlog
c:\users\mike\documents\github\compiler-project\down\down\debug\down.tlog\cl.write.1.tlog
c:\users\mike\documents\github\compiler-project\down\down\debug\down.tlog\link.command.1.tlog
c:\users\mike\documents\github\compiler-project\down\down\debug\down.tlog\link.read.1.tlog
c:\users\mike\documents\github\compiler-project\down\down\debug\down.tlog\link.write.1.tlog
c:\users\mike\documents\github\compiler-project\down\down\debug\down.tlog\rc.command.1.tlog
c:\users\mike\documents\github\compiler-project\down\down\debug\down.tlog\rc.read.1.tlog
c:\users\mike\documents\github\compiler-project\down\down\debug\down.tlog\rc.write.1.tlog
